<?xml version="1.0" encoding="UTF-8"?>
<!-- Generated by org.testng.reporters.JUnitReportReporter -->
<testsuite hostname="DESKTOP-1EKAV2N" failures="0" tests="1" name="YatraTest" time="43.596" errors="0" timestamp="2021-06-26T13:33:39 IST" skipped="0">
  <testcase classname="YatraTest" name="yatraTitleTest" time="43.596"/>
  <system-out/>
</testsuite> <!-- YatraTest -->
